TN:
SF:server\constants.js
FNF:0
FNH:0
DA:7,4
LF:1
LH:1
BRF:0
BRH:0
end_of_record
TN:
SF:server\simulator.js
FN:17,(anonymous_0)
FN:20,(anonymous_1)
FN:31,tick
FN:32,(anonymous_3)
FN:37,(anonymous_4)
FN:46,buildSnapshot
FN:47,(anonymous_6)
FN:53,(anonymous_7)
FN:67,startSimulator
FN:69,(anonymous_9)
FNF:10
FNH:2
FNDA:6,(anonymous_0)
FNDA:6,(anonymous_1)
FNDA:0,tick
FNDA:0,(anonymous_3)
FNDA:0,(anonymous_4)
FNDA:0,buildSnapshot
FNDA:0,(anonymous_6)
FNDA:0,(anonymous_7)
FNDA:0,startSimulator
FNDA:0,(anonymous_9)
DA:9,1
DA:10,1
DA:13,1
DA:14,1
DA:17,1
DA:18,6
DA:20,1
DA:21,6
DA:25,1
DA:26,1
DA:32,0
DA:33,0
DA:34,0
DA:37,0
DA:38,0
DA:39,0
DA:47,0
DA:48,0
DA:49,0
DA:50,0
DA:53,0
DA:60,0
DA:68,0
DA:69,0
DA:70,0
DA:71,0
DA:75,1
LF:27
LH:11
BRDA:34,0,0,0
BRDA:34,0,1,0
BRDA:39,1,0,0
BRDA:39,1,1,0
BRDA:48,2,0,0
BRDA:48,2,1,0
BRDA:55,3,0,0
BRDA:55,3,1,0
BRDA:56,4,0,0
BRDA:56,4,1,0
BRDA:57,5,0,0
BRDA:57,5,1,0
BRF:12
BRH:0
end_of_record
TN:
SF:server\middleware\asyncHandler.js
FN:8,(anonymous_0)
FN:8,(anonymous_1)
FNF:2
FNH:0
FNDA:0,(anonymous_0)
FNDA:0,(anonymous_1)
DA:8,0
DA:9,0
LF:2
LH:0
BRF:0
BRH:0
end_of_record
TN:
SF:server\middleware\auth.js
FN:10,requireAuth
FN:30,requireRole
FN:31,(anonymous_2)
FNF:3
FNH:2
FNDA:4,requireAuth
FNDA:1,requireRole
FNDA:0,(anonymous_2)
DA:3,1
DA:4,1
DA:11,4
DA:12,4
DA:13,4
DA:14,2
DA:16,2
DA:17,2
DA:18,2
DA:19,2
DA:21,0
DA:22,0
DA:31,1
DA:32,0
DA:33,0
DA:34,0
DA:36,0
DA:40,1
LF:18
LH:12
BRDA:12,0,0,4
BRDA:12,0,1,2
BRDA:13,1,0,2
BRDA:13,1,1,2
BRDA:32,2,0,0
BRDA:32,2,1,0
BRDA:32,2,2,0
BRDA:33,3,0,0
BRDA:33,3,1,0
BRF:9
BRH:4
end_of_record
TN:
SF:server\middleware\errorHandler.js
FN:9,(anonymous_0)
FNF:1
FNH:0
FNDA:0,(anonymous_0)
DA:3,1
DA:9,1
DA:10,0
DA:11,0
DA:13,0
DA:21,0
LF:6
LH:2
BRDA:10,0,0,0
BRDA:10,0,1,0
BRDA:11,1,0,0
BRDA:11,1,1,0
BRDA:18,2,0,0
BRDA:18,2,1,0
BRDA:22,3,0,0
BRDA:22,3,1,0
BRDA:23,4,0,0
BRDA:23,4,1,0
BRF:10
BRH:0
end_of_record
TN:
SF:server\middleware\rateLimit.js
FN:10,createApiLimiter
FN:23,createGeminiLimiter
FN:36,createAuthLimiter
FNF:3
FNH:3
FNDA:1,createApiLimiter
FNDA:1,createGeminiLimiter
FNDA:1,createAuthLimiter
DA:3,1
DA:4,1
DA:5,1
DA:11,1
DA:24,1
DA:37,1
DA:46,1
LF:7
LH:7
BRF:0
BRH:0
end_of_record
TN:
SF:server\middleware\validation.js
FN:8,handleValidationErrors
FNF:1
FNH:1
FNDA:7,handleValidationErrors
DA:3,1
DA:9,7
DA:10,7
DA:11,3
DA:13,4
DA:17,1
DA:24,1
DA:34,1
DA:40,1
LF:9
LH:9
BRDA:10,0,0,3
BRDA:10,0,1,4
BRF:2
BRH:2
end_of_record
TN:
SF:server\routes\auth.js
FN:15,(anonymous_0)
FN:46,(anonymous_1)
FNF:2
FNH:0
FNDA:0,(anonymous_0)
FNDA:0,(anonymous_1)
DA:3,1
DA:4,1
DA:5,1
DA:6,1
DA:8,1
DA:15,1
DA:16,0
DA:17,0
DA:18,0
DA:19,0
DA:21,0
DA:22,0
DA:23,0
DA:25,0
DA:26,0
DA:28,0
DA:36,0
DA:37,0
DA:46,1
DA:47,0
DA:59,1
LF:21
LH:8
BRDA:17,0,0,0
BRDA:17,0,1,0
BRDA:18,1,0,0
BRDA:18,1,1,0
BRDA:25,2,0,0
BRDA:25,2,1,0
BRDA:25,2,2,0
BRDA:48,3,0,0
BRDA:48,3,1,0
BRDA:49,4,0,0
BRDA:49,4,1,0
BRDA:50,5,0,0
BRDA:50,5,1,0
BRDA:51,6,0,0
BRDA:51,6,1,0
BRDA:52,7,0,0
BRDA:52,7,1,0
BRDA:53,8,0,0
BRDA:53,8,1,0
BRDA:54,9,0,0
BRDA:54,9,1,0
BRDA:55,10,0,0
BRDA:55,10,1,0
BRF:23
BRH:0
end_of_record
TN:
SF:server\routes\crowd.js
FN:25,(anonymous_0)
FN:27,(anonymous_1)
FN:40,(anonymous_2)
FN:42,(anonymous_3)
FN:55,(anonymous_4)
FN:58,(anonymous_5)
FN:73,(anonymous_6)
FN:90,(anonymous_7)
FN:101,(anonymous_8)
FN:112,(anonymous_9)
FNF:10
FNH:7
FNDA:2,(anonymous_0)
FNDA:12,(anonymous_1)
FNDA:2,(anonymous_2)
FNDA:12,(anonymous_3)
FNDA:1,(anonymous_4)
FNDA:6,(anonymous_5)
FNDA:1,(anonymous_6)
FNDA:0,(anonymous_7)
FNDA:0,(anonymous_8)
FNDA:0,(anonymous_9)
DA:3,1
DA:4,1
DA:5,1
DA:6,1
DA:7,1
DA:15,1
DA:16,1
DA:17,1
DA:18,1
DA:21,1
DA:22,1
DA:25,1
DA:26,2
DA:27,2
DA:28,12
DA:29,12
DA:30,12
DA:32,2
DA:34,0
DA:35,0
DA:40,1
DA:41,2
DA:42,2
DA:43,12
DA:44,12
DA:45,12
DA:47,2
DA:49,0
DA:50,0
DA:55,1
DA:56,1
DA:57,1
DA:58,1
DA:59,6
DA:64,1
DA:65,1
DA:67,0
DA:68,0
DA:73,1
DA:74,1
DA:75,1
DA:78,1
DA:87,1
DA:88,1
DA:89,1
DA:90,1
DA:93,1
DA:95,0
DA:96,0
DA:101,1
DA:102,0
DA:103,0
DA:104,0
DA:105,0
DA:106,0
DA:108,0
DA:110,0
DA:112,0
DA:122,1
LF:59
LH:43
BRDA:21,0,0,1
BRDA:21,0,1,1
BRDA:22,1,0,1
BRDA:22,1,1,1
BRDA:28,2,0,12
BRDA:28,2,1,12
BRDA:43,3,0,12
BRDA:43,3,1,12
BRDA:44,4,0,12
BRDA:44,4,1,12
BRDA:60,5,0,6
BRDA:60,5,1,6
BRDA:61,6,0,6
BRDA:61,6,1,6
BRDA:87,7,0,1
BRDA:87,7,1,1
BRDA:88,8,0,1
BRDA:88,8,1,0
BRDA:89,9,0,1
BRDA:89,9,1,1
BRDA:89,10,0,1
BRDA:89,10,1,1
BRDA:104,11,0,0
BRDA:104,11,1,0
BRDA:111,12,0,0
BRDA:111,12,1,0
BRF:26
BRH:21
end_of_record
TN:
SF:server\routes\gemini.js
FN:18,(anonymous_0)
FN:28,(anonymous_1)
FN:49,(anonymous_2)
FNF:3
FNH:2
FNDA:3,(anonymous_0)
FNDA:3,(anonymous_1)
FNDA:0,(anonymous_2)
DA:3,1
DA:4,1
DA:5,1
DA:6,1
DA:7,1
DA:8,1
DA:9,1
DA:11,1
DA:18,1
DA:19,3
DA:20,3
DA:23,3
DA:24,3
DA:25,3
DA:26,3
DA:28,3
DA:29,3
DA:32,3
DA:33,3
DA:35,0
DA:36,0
DA:37,0
DA:39,0
DA:40,0
DA:49,1
DA:50,0
DA:51,0
DA:52,0
DA:53,0
DA:54,0
DA:56,0
DA:57,0
DA:61,1
LF:33
LH:21
BRDA:36,0,0,0
BRDA:36,0,1,0
BRF:2
BRH:0
end_of_record
TN:
SF:server\routes\health.js
FN:10,(anonymous_0)
FN:29,(anonymous_1)
FNF:2
FNH:2
FNDA:4,(anonymous_0)
FNDA:8,(anonymous_1)
DA:3,1
DA:4,1
DA:10,1
DA:11,4
DA:19,4
DA:20,4
DA:21,4
DA:22,4
DA:26,0
DA:29,8
DA:32,4
DA:41,1
LF:12
LH:11
BRDA:13,0,0,0
BRDA:13,0,1,4
BRDA:14,1,0,0
BRDA:14,1,1,4
BRDA:15,2,0,0
BRDA:15,2,1,4
BRDA:16,3,0,0
BRDA:16,3,1,4
BRDA:22,4,0,0
BRDA:22,4,1,4
BRDA:22,5,0,4
BRDA:22,5,1,0
BRDA:29,6,0,8
BRDA:29,6,1,4
BRDA:33,7,0,0
BRDA:33,7,1,4
BRF:16
BRH:9
end_of_record
TN:
SF:server\routes\perf.js
FN:10,(anonymous_0)
FNF:1
FNH:0
FNDA:0,(anonymous_0)
DA:3,1
DA:4,1
DA:10,1
DA:11,0
DA:12,0
DA:24,1
LF:6
LH:4
BRF:0
BRH:0
end_of_record
TN:
SF:server\services\bigquery.js
FN:11,getBQ
FN:25,getHistoricalDensity
FN:51,getStadiumPeakHours
FN:70,logCrowdEvent
FNF:4
FNH:0
FNDA:0,getBQ
FNDA:0,getHistoricalDensity
FNDA:0,getStadiumPeakHours
FNDA:0,logCrowdEvent
DA:8,0
DA:12,0
DA:13,0
DA:16,0
DA:17,0
DA:26,0
DA:39,0
DA:44,0
DA:52,0
DA:62,0
DA:63,0
DA:71,0
DA:72,0
DA:73,0
DA:84,0
LF:15
LH:0
BRDA:12,0,0,0
BRDA:12,0,1,0
BRDA:16,1,0,0
BRDA:16,1,1,0
BRDA:17,2,0,0
BRDA:17,2,1,0
BRDA:25,3,0,0
BRDA:78,4,0,0
BRDA:78,4,1,0
BRF:9
BRH:0
end_of_record
TN:
SF:server\services\firebase-admin.js
FN:26,(anonymous_0)
FN:35,(anonymous_1)
FN:36,(anonymous_2)
FN:37,(anonymous_3)
FN:42,getZoneData
FN:51,updateZoneCount
FN:64,batchUpdateZones
FN:82,logCheckIn
FN:96,onZoneSnapshot
FN:97,(anonymous_9)
FN:117,verifyToken
FN:124,getAllZones
FN:126,(anonymous_12)
FN:132,getAllGates
FN:134,(anonymous_14)
FNF:15
FNH:9
FNDA:4,(anonymous_0)
FNDA:7,(anonymous_1)
FNDA:1,(anonymous_2)
FNDA:0,(anonymous_3)
FNDA:3,getZoneData
FNDA:3,updateZoneCount
FNDA:2,batchUpdateZones
FNDA:2,logCheckIn
FNDA:1,onZoneSnapshot
FNDA:1,(anonymous_9)
FNDA:0,verifyToken
FNDA:0,getAllZones
FNDA:0,(anonymous_12)
FNDA:0,getAllGates
FNDA:0,(anonymous_14)
DA:8,1
DA:9,1
DA:12,1
DA:13,1
DA:20,1
DA:21,1
DA:22,0
DA:26,1
DA:27,4
DA:28,4
DA:30,4
DA:35,7
DA:36,1
DA:37,1
DA:43,3
DA:44,2
DA:45,1
DA:52,3
DA:53,2
DA:54,1
DA:55,1
DA:65,2
DA:66,1
DA:67,1
DA:68,2
DA:69,2
DA:70,2
DA:76,1
DA:83,2
DA:84,1
DA:85,1
DA:89,1
DA:97,1
DA:99,1
DA:100,1
DA:101,1
DA:104,0
DA:105,0
DA:108,0
DA:109,0
DA:118,0
DA:125,0
DA:126,0
DA:133,0
DA:134,0
DA:137,1
LF:46
LH:36
BRDA:12,0,0,1
BRDA:12,0,1,0
BRDA:21,1,0,0
BRDA:21,1,1,1
BRDA:44,2,0,1
BRDA:44,2,1,1
BRDA:52,3,0,1
BRDA:52,3,1,2
BRDA:53,4,0,1
BRDA:53,4,1,1
BRDA:65,5,0,1
BRDA:65,5,1,1
BRDA:65,6,0,2
BRDA:65,6,1,2
BRDA:68,7,0,0
BRDA:68,7,1,2
BRDA:83,8,0,1
BRDA:83,8,1,1
BRDA:84,9,0,0
BRDA:84,9,1,1
BRDA:99,10,0,1
BRDA:99,10,1,0
BRDA:99,11,0,1
BRDA:99,11,1,1
BRDA:104,12,0,0
BRDA:104,12,1,0
BRDA:108,13,0,0
BRDA:108,13,1,0
BRDA:108,14,0,0
BRDA:108,14,1,0
BRDA:124,15,0,0
BRF:31
BRH:19
end_of_record
TN:
SF:server\services\gemini.js
FN:30,getModel
FN:49,sanitizeUserQuery
FN:64,buildGateRecommendationPrompt
FN:66,(anonymous_3)
FN:85,buildAnnouncementPrompt
FN:100,generateRecommendation
FN:118,generateAnnouncement
FN:137,(anonymous_7)
FNF:8
FNH:7
FNDA:5,getModel
FNDA:9,sanitizeUserQuery
FNDA:3,buildGateRecommendationPrompt
FNDA:2,(anonymous_3)
FNDA:4,buildAnnouncementPrompt
FNDA:3,generateRecommendation
FNDA:2,generateAnnouncement
FNDA:0,(anonymous_7)
DA:9,1
DA:11,1
DA:12,1
DA:13,1
DA:15,1
DA:22,1
DA:31,5
DA:32,1
DA:33,0
DA:35,1
DA:36,1
DA:41,5
DA:50,9
DA:51,7
DA:65,3
DA:66,2
DA:69,3
DA:86,4
DA:101,3
DA:102,3
DA:104,3
DA:105,2
DA:106,2
DA:107,2
DA:119,2
DA:120,2
DA:121,2
DA:122,1
DA:125,1
DA:130,1
DA:137,0
LF:31
LH:29
BRDA:12,0,0,1
BRDA:12,0,1,1
BRDA:31,1,0,1
BRDA:31,1,1,4
BRDA:32,2,0,0
BRDA:32,2,1,1
BRDA:50,3,0,2
BRDA:50,3,1,7
BRDA:50,4,0,9
BRDA:50,4,1,8
BRDA:65,5,0,1
BRDA:65,5,1,2
BRDA:74,6,0,3
BRDA:74,6,1,0
BRDA:107,7,0,2
BRDA:107,7,1,0
BRF:16
BRH:13
end_of_record
TN:
SF:server\services\pubsub.js
FN:11,getPubSub
FN:29,publishEvent
FN:47,publishGateScan
FN:55,publishCrowdAlert
FN:63,publishCrowdUpdate
FNF:5
FNH:0
FNDA:0,getPubSub
FNDA:0,publishEvent
FNDA:0,publishGateScan
FNDA:0,publishCrowdAlert
FNDA:0,publishCrowdUpdate
DA:8,0
DA:12,0
DA:13,0
DA:16,0
DA:30,0
DA:31,0
DA:32,0
DA:40,0
DA:48,0
DA:56,0
DA:64,0
DA:67,0
LF:12
LH:0
BRDA:12,0,0,0
BRDA:12,0,1,0
BRDA:17,1,0,0
BRDA:17,1,1,0
BRDA:18,2,0,0
BRDA:18,2,1,0
BRDA:19,3,0,0
BRDA:19,3,1,0
BRDA:29,4,0,0
BRF:9
BRH:0
end_of_record
TN:
SF:server\utils\crowd.js
FN:20,calculateDensity
FN:34,estimateWaitTime
FN:48,recommendGate
FN:50,(anonymous_3)
FN:51,(anonymous_4)
FN:56,(anonymous_5)
FN:80,calculateFlowRate
FN:84,(anonymous_7)
FN:96,predictTimeToFill
FN:110,getAlertLevel
FN:121,calculateAverageDensity
FN:124,(anonymous_11)
FN:134,checkZoneThreshold
FN:150,generateCrowdAnnouncement
FN:152,(anonymous_14)
FNF:15
FNH:15
FNDA:27,calculateDensity
FNDA:35,estimateWaitTime
FNDA:7,recommendGate
FNDA:17,(anonymous_3)
FNDA:15,(anonymous_4)
FNDA:17,(anonymous_5)
FNDA:4,calculateFlowRate
FNDA:210,(anonymous_7)
FNDA:7,predictTimeToFill
FNDA:27,getAlertLevel
FNDA:4,calculateAverageDensity
FNDA:6,(anonymous_11)
FNDA:4,checkZoneThreshold
FNDA:4,generateCrowdAnnouncement
FNDA:8,(anonymous_14)
DA:11,2
DA:21,27
DA:22,27
DA:23,26
DA:24,25
DA:35,35
DA:36,34
DA:37,34
DA:38,33
DA:39,31
DA:49,7
DA:50,17
DA:51,15
DA:56,17
DA:58,7
DA:60,6
DA:61,6
DA:62,6
DA:64,6
DA:81,4
DA:82,2
DA:83,2
DA:84,210
DA:85,2
DA:97,7
DA:98,5
DA:99,5
DA:100,4
DA:101,4
DA:102,2
DA:111,27
DA:112,23
DA:113,19
DA:122,4
DA:123,4
DA:124,6
DA:135,4
DA:136,4
DA:137,4
DA:151,4
DA:152,8
DA:153,4
DA:154,1
DA:156,3
DA:157,1
DA:159,2
DA:162,2
LF:47
LH:47
BRDA:22,0,0,1
BRDA:22,0,1,26
BRDA:22,1,0,27
BRDA:22,1,1,26
BRDA:23,2,0,1
BRDA:23,2,1,25
BRDA:35,3,0,1
BRDA:35,3,1,34
BRDA:37,4,0,1
BRDA:37,4,1,33
BRDA:38,5,0,2
BRDA:38,5,1,31
BRDA:58,6,0,1
BRDA:58,6,1,6
BRDA:68,7,0,3
BRDA:68,7,1,3
BRDA:80,8,0,3
BRDA:81,9,0,2
BRDA:81,9,1,2
BRDA:81,10,0,4
BRDA:81,10,1,3
BRDA:97,11,0,2
BRDA:97,11,1,5
BRDA:99,12,0,1
BRDA:99,12,1,4
BRDA:101,13,0,2
BRDA:101,13,1,2
BRDA:111,14,0,4
BRDA:111,14,1,23
BRDA:112,15,0,4
BRDA:112,15,1,19
BRDA:123,16,0,1
BRDA:123,16,1,3
BRDA:134,17,0,3
BRDA:153,18,0,1
BRDA:153,18,1,3
BRDA:156,19,0,1
BRDA:156,19,1,2
BRF:38
BRH:38
end_of_record
TN:
SF:server\utils\logger.js
FN:13,getCloudLogger
FN:31,writeLog
FN:58,(anonymous_2)
FN:59,(anonymous_3)
FN:60,(anonymous_4)
FN:61,(anonymous_5)
FNF:6
FNH:0
FNDA:0,getCloudLogger
FNDA:0,writeLog
FNDA:0,(anonymous_2)
FNDA:0,(anonymous_3)
FNDA:0,(anonymous_4)
FNDA:0,(anonymous_5)
DA:9,1
DA:14,0
DA:15,0
DA:16,0
DA:17,0
DA:18,0
DA:20,0
DA:22,0
DA:32,0
DA:40,0
DA:41,0
DA:42,0
DA:43,0
DA:44,0
DA:45,0
DA:46,0
DA:53,0
DA:54,0
DA:57,1
DA:58,0
DA:59,0
DA:60,0
DA:61,0
DA:64,1
LF:24
LH:3
BRDA:14,0,0,0
BRDA:14,0,1,0
BRDA:31,1,0,0
BRDA:40,2,0,0
BRDA:40,2,1,0
BRDA:43,3,0,0
BRDA:43,3,1,0
BRDA:53,4,0,0
BRDA:53,4,1,0
BRDA:53,5,0,0
BRDA:53,5,1,0
BRF:11
BRH:0
end_of_record
